2018-06-08T08:23:08.750Z - normal: Load ~/.CocosCreator/settings.json
2018-06-08T08:23:08.756Z - normal: checking language setting...
2018-06-08T08:23:08.756Z - normal: Language: zh
2018-06-08T08:23:14.391Z - warn: Invalid layout profile, remove old profile and init a new one at: F:\cocos\wchat_gamedemo\start_project\local\layout.windows.json
2018-06-08T08:23:14.404Z - success: protocol editor-framework registered
2018-06-08T08:23:14.405Z - success: protocol app registered
2018-06-08T08:23:14.405Z - success: protocol theme registered
2018-06-08T08:23:14.405Z - success: protocol packages registered
2018-06-08T08:23:14.405Z - success: protocol unpack registerred
2018-06-08T08:23:14.405Z - success: protocol disable-commonjs registerred
2018-06-08T08:23:14.626Z - normal: connected!
2018-06-08T08:23:14.627Z - normal: Check project F:\cocos\wchat_gamedemo\start_project
2018-06-08T08:23:14.629Z - normal: Initializing Cocos2d
2018-06-08T08:23:16.912Z - normal: Initializing Asset Database
2018-06-08T08:23:17.003Z - warn: Failed to parse F:\cocos\wchat_gamedemo\start_project\library\uuid-to-mtime.json: Unexpected token < in JSON at position 48.
2018-06-08T08:23:17.004Z - success: protocol uuid registerred
2018-06-08T08:23:17.005Z - success: protocol db registerred
2018-06-08T08:23:17.005Z - success: protocol thumbnail registerred
2018-06-08T08:23:17.005Z - normal: Loading editor/builtin packages
2018-06-08T08:23:17.144Z - success: anysdk loaded
2018-06-08T08:23:17.340Z - success: assets loaded
2018-06-08T08:23:17.342Z - success: builder loaded
2018-06-08T08:23:17.345Z - success: cocos-analytics loaded
2018-06-08T08:23:17.348Z - success: console loaded
2018-06-08T08:23:17.392Z - success: fb-instant-games loaded
2018-06-08T08:23:17.396Z - success: hierarchy loaded
2018-06-08T08:23:17.400Z - success: inspector loaded
2018-06-08T08:23:17.402Z - success: keystore loaded
2018-06-08T08:23:17.405Z - success: node-library loaded
2018-06-08T08:23:17.417Z - success: package-asset loaded
2018-06-08T08:23:17.420Z - success: preferences loaded
2018-06-08T08:23:17.421Z - success: project-exporter loaded
2018-06-08T08:23:17.446Z - success: project-importer loaded
2018-06-08T08:23:17.448Z - success: project-settings loaded
2018-06-08T08:23:17.450Z - success: ui-kit loaded
2018-06-08T08:23:17.456Z - success: ui-grid loaded
2018-06-08T08:23:17.462Z - success: scene loaded
2018-06-08T08:23:17.463Z - success: sprite-editor loaded
2018-06-08T08:23:17.467Z - success: store loaded
2018-06-08T08:23:17.474Z - success: timeline loaded
2018-06-08T08:23:17.474Z - normal: Loading builtin packages
2018-06-08T08:23:17.476Z - success: asset-db-debugger loaded
2018-06-08T08:23:17.478Z - success: code-editor loaded
2018-06-08T08:23:17.488Z - success: color-picker loaded
2018-06-08T08:23:17.492Z - success: package-manager loaded
2018-06-08T08:23:17.521Z - success: sdkbox loaded
2018-06-08T08:23:17.524Z - success: tester loaded
2018-06-08T08:23:17.526Z - success: ui-kit-preview-extra loaded
2018-06-08T08:23:17.527Z - success: ui-kit-preview loaded
2018-06-08T08:23:17.529Z - success: ui-tree loaded
2018-06-08T08:23:19.431Z - normal: Initializing project F:\cocos\wchat_gamedemo\start_project
2018-06-08T08:23:19.442Z - normal: Loading packages
2018-06-08T08:23:19.448Z - normal: Watching packages
2018-06-08T08:23:19.469Z - normal: Run Application
2018-06-08T08:23:25.193Z - success: preview server running at http://localhost:7457
2018-06-08T08:23:34.724Z - normal: 1.9.1
2018-06-08T08:53:52.365Z - info: shutdown preview server
